<?xml version="1.0" encoding="UTF-8"?>
<!-- Generated by org.testng.reporters.JUnitReportReporter -->
<testsuite hostname="INHYDLRGOVINDU" failures="0" tests="3" name="com.Agility.RCTests.RCAPITests" time="12.133" errors="0" timestamp="2020-09-04T11:38:11 IST" skipped="0">
  <testcase classname="com.Agility.RCTests.RCAPITests" name="RC_GetToken" time="4.182"/>
  <system-out/>
  <testcase classname="com.Agility.RCTests.RCAPITests" name="FCL_RateSearch" time="4.837"/>
  <system-out/>
  <testcase classname="com.Agility.RCTests.RCAPITests" name="LCL_RateSearch" time="3.114"/>
  <system-out/>
</testsuite> <!-- com.Agility.RCTests.RCAPITests -->
