<?xml version="1.0" encoding="UTF-8"?>
<!-- Generated by org.testng.reporters.JUnitReportReporter -->
<testsuite hostname="INHYDLRGOVINDU" failures="0" tests="5" name="com.Agility.ComplianceSC_Tests.SanctionedCountryTests" time="5.822" errors="0" timestamp="2020-10-06T16:10:27 IST" skipped="0">
  <testcase classname="com.Agility.ComplianceSC_Tests.SanctionedCountryTests" name="SC_Authenticate" time="4.730"/>
  <system-out/>
  <testcase classname="com.Agility.ComplianceSC_Tests.SanctionedCountryTests" name="SC_CreateSC_Request" time="0.269"/>
  <system-out/>
  <testcase classname="com.Agility.ComplianceSC_Tests.SanctionedCountryTests" name="SaveSecA" time="0.387"/>
  <system-out/>
  <testcase classname="com.Agility.ComplianceSC_Tests.SanctionedCountryTests" name="CompleteSecA" time="0.197"/>
  <system-out/>
  <testcase classname="com.Agility.ComplianceSC_Tests.SanctionedCountryTests" name="SendToScreener" time="0.239"/>
  <system-out/>
</testsuite> <!-- com.Agility.ComplianceSC_Tests.SanctionedCountryTests -->
