<?xml version="1.0" encoding="UTF-8"?>
<!-- Generated by org.testng.reporters.JUnitReportReporter -->
<testsuite hostname="INHYDLRGOVINDU" failures="0" tests="5" name="com.Agility.ComplianceSC_Tests.SanctionedCountryTestCases" time="4.196" errors="0" timestamp="2020-10-06T17:58:12 IST" skipped="0">
  <testcase classname="com.Agility.ComplianceSC_Tests.SanctionedCountryTestCases" name="SC_CoordinatorAuthentication" time="2.846"/>
  <system-out/>
  <testcase classname="com.Agility.ComplianceSC_Tests.SanctionedCountryTestCases" name="SC_CreateSC_Request" time="0.142"/>
  <system-out/>
  <testcase classname="com.Agility.ComplianceSC_Tests.SanctionedCountryTestCases" name="SaveSectionA" time="0.607"/>
  <system-out/>
  <testcase classname="com.Agility.ComplianceSC_Tests.SanctionedCountryTestCases" name="CompleteSectionA" time="0.391"/>
  <system-out/>
  <testcase classname="com.Agility.ComplianceSC_Tests.SanctionedCountryTestCases" name="SendToScreener" time="0.210"/>
  <system-out/>
</testsuite> <!-- com.Agility.ComplianceSC_Tests.SanctionedCountryTestCases -->
